\BOOKMARK [1][-]{section.1}{Individual contributions}{}% 1
\BOOKMARK [1][-]{section.2}{Introduction and Motivations}{}% 2
\BOOKMARK [1][-]{section.3}{Description of the Model}{}% 3
\BOOKMARK [2][-]{subsection.3.1}{Simplifications}{section.3}% 4
\BOOKMARK [1][-]{section.4}{Implementation}{}% 5
\BOOKMARK [2][-]{subsection.4.1}{Landscape}{section.4}% 6
\BOOKMARK [2][-]{subsection.4.2}{Ant}{section.4}% 7
\BOOKMARK [3][-]{subsubsection.4.2.1}{Find food}{subsection.4.2}% 8
\BOOKMARK [3][-]{subsubsection.4.2.2}{Calculate the direction from landmarks}{subsection.4.2}% 9
\BOOKMARK [3][-]{subsubsection.4.2.3}{Return to nest}{subsection.4.2}% 10
\BOOKMARK [3][-]{subsubsection.4.2.4}{Updating the local vectors on all landmarks}{subsection.4.2}% 11
\BOOKMARK [3][-]{subsubsection.4.2.5}{Move}{subsection.4.2}% 12
\BOOKMARK [2][-]{subsection.4.3}{Simulation}{section.4}% 13
\BOOKMARK [3][-]{subsubsection.4.3.1}{Run}{subsection.4.3}% 14
\BOOKMARK [3][-]{subsubsection.4.3.2}{Render}{subsection.4.3}% 15
\BOOKMARK [1][-]{section.5}{Simulation Results and Discussion}{}% 16
\BOOKMARK [2][-]{subsection.5.1}{Expected Results}{section.5}% 17
\BOOKMARK [2][-]{subsection.5.2}{Experimental Results}{section.5}% 18
\BOOKMARK [3][-]{subsubsection.5.2.1}{Path Integration Experiment}{subsection.5.2}% 19
\BOOKMARK [3][-]{subsubsection.5.2.2}{Food searching by local vectors}{subsection.5.2}% 20
\BOOKMARK [3][-]{subsubsection.5.2.3}{Path Improvement}{subsection.5.2}% 21
\BOOKMARK [1][-]{section.6}{Summary and Outlook}{}% 22
\BOOKMARK [2][-]{subsection.6.1}{Results}{section.6}% 23
\BOOKMARK [2][-]{subsection.6.2}{Further Improvments}{section.6}% 24
\BOOKMARK [1][-]{appendix.A}{Research Plan}{}% 25
\BOOKMARK [2][-]{subsection.A.1}{General Introduction}{appendix.A}% 26
\BOOKMARK [2][-]{subsection.A.2}{Fundamental Questions}{appendix.A}% 27
\BOOKMARK [2][-]{subsection.A.3}{Expected Results}{appendix.A}% 28
\BOOKMARK [1][-]{appendix.B}{MATLAB Code}{}% 29
\BOOKMARK [2][-]{subsection.B.1}{main.m}{appendix.B}% 30
\BOOKMARK [2][-]{subsection.B.2}{simulation.m}{appendix.B}% 31
\BOOKMARK [2][-]{subsection.B.3}{landscape.m}{appendix.B}% 32
\BOOKMARK [2][-]{subsection.B.4}{ant.m}{appendix.B}% 33
\BOOKMARK [1][-]{appendix.C}{References}{}% 34
